start: free = 3 max = 8000 total = 6
query loaded: free = 2 max = 8000 total = 8
database loaded: free = 22 max = 8000 total = 59
15580 database Sequences, 2000 query sequences, threshold 5, implementation: dc
maximum database sequence length = 742, maximum query sequence length = 483
using divide and conquer implementation
done: free = 480 max = 8000 total = 515
application genesequencing_dc took 5669.623 sec

The result has been printed in 1.754 sec
-------------------------------SATIN STATISTICS--------------------------------
SATIN: SPAWN:       4,194,303 spawns, 4,194,303 executed, 2,097,152 syncs
SATIN: STEAL:       6,853 attempts, 716 successes (10.448 %)
SATIN: MESSAGES:    intra 14,484 msgs, 2,381,212,321 bytes; inter 0 msgs, 0 bytes
-------------------------------SATIN TOTAL TIMES-------------------------------
SATIN: STEAL_TIME:                 total 229.623  s time/req     33.507 ms
SATIN: HANDLE_STEAL_TIME:          total  18.603  s time/handle   2.715 ms
SATIN: THROTTLE_STEAL_TIME:        total  70.964  s time/req     11.563 ms
SATIN: INV SERIALIZATION_TIME:     total  14.798  s time/write   20.668 ms
SATIN: INV DESERIALIZATION_TIME:   total  24.034  s time/read    33.568 ms
SATIN: RET SERIALIZATION_TIME:     total  47.918  s time/write   66.924 ms
SATIN: RET DESERIALIZATION_TIME:   total  63.321  s time/read    88.438 ms
-------------------------------SATIN RUN TIME BREAKDOWN------------------------
SATIN: TOTAL_RUN_TIME:                              5673.316  s
SATIN: STEAL_THROTTLE_TIME:        agv. per machine   2.218  s ( 0.039 %)
SATIN: (DE)SERIALIZATION_TIME:     agv. per machine   4.690  s ( 0.083 %)
SATIN: LOAD_BALANCING_TIME:        agv. per machine   4.704  s ( 0.083 %)

SATIN: TOTAL_PARALLEL_OVERHEAD:    agv. per machine   9.393  s ( 0.166 %)
SATIN: USEFUL_APP_TIME:            agv. per machine 5663.923  s (99.834 %)

### Summarized output of "llq -l -x -j p6012.huygens.sara.nl.263201.0" invoked on p6020 ###
        Job Step Id: p6012.huygens.sara.nl.263201.0
           Job Name: genes
          Step Name: 0
  Structure Version: 10
              Owner: ndrost
         Queue Date: Fri Oct  1 00:44:16 2010
             Status: Running
          Recurring: False
      Dispatch Time: Fri Oct  1 00:45:12 2010
    Completion Date: Fri Oct  1 02:20:11 CEST 2010 (i.e. time of job epilog invocation)
        Favored Job: No
      Notifications: Never
 Virtual Image Size: 2 kb
         Large Page: N
         Coschedule: no
       SMT required: as_is
    MetaCluster Job: no
     Checkpointable: no
   Ckpt Elapse Time: 0 seconds
    Ckpt Accum Time: 0 seconds
  Restart From Ckpt: no
 Restart Same Nodes: no
            Restart: yes
        Preemptable: yes
 Preempt Wait Count: 0
     User Hold Time: 00:00:00 (0 seconds)
               RSet: RSET_MCM_AFFINITY
Mcm Affinity Option: MCM_DISTRIBUTE MCM_MEM_PREF MCM_SNI_NONE
      Task Affinity: core(1)
      Cpus Per Core:  0
   Parallel Threads:  0
                 In: /dev/null
                Out: genes.o263201.0
                Err: genes.o263201.0
Initial Working Dir: /gpfs/h08/ndrost/gene-sequencing
          Resources: ConsumableMemory(2.000 gb)
          Step Type: General Parallel
         Node Usage: not_shared
    Submitting Host: p6012.huygens.sara.nl
        Schedd Host: p6012.huygens.sara.nl
      Job Queue Key: 263201
        Notify User: ndrost@p6012.huygens.sara.nl
              Shell: /bin/bash
  LoadLeveler Group: No_Group
              Class: normal
    Ckpt Hard Limit: undefined
    Ckpt Soft Limit: undefined
     Cpu Hard Limit: unlimited
     Cpu Soft Limit: unlimited
    Data Hard Limit: undefined
    Data Soft Limit: undefined
      As Hard Limit: undefined
      As Soft Limit: undefined
   Nproc Hard Limit: undefined
   Nproc Soft Limit: undefined
 Memlock Hard Limit: undefined
 Memlock Soft Limit: undefined
   Locks Hard Limit: undefined
   Locks Soft Limit: undefined
  Nofile Hard Limit: undefined
  Nofile Soft Limit: undefined
    Core Hard Limit: unlimited
    Core Soft Limit: 0 bytes
    File Hard Limit: undefined
    File Soft Limit: undefined
   Stack Hard Limit: unlimited
   Stack Soft Limit: unlimited
     Rss Hard Limit: undefined
     Rss Soft Limit: undefined
Step Cpu Hard Limit: unlimited
Step Cpu Soft Limit: unlimited
Wall Clk Hard Limit: 10:00:00 (36000 seconds)
Wall Clk Soft Limit: 10:00:00 (36000 seconds)
         Unix Group: ndrost
 User Space Windows: 0
      Bulk Transfer: No
Step Adapter Memory: 0 bytes
          Step Cpus: 0
Step Virtual Memory: 0.000 mb
   Step Real Memory: 64.000 gb
Step Large Page Mem: 0.000 mb
       Running Host: p6020.huygens.sara.nl
      Machine Speed: 1.000000
  Starter User Time: 00:00:00.170000
Starter System Time: 00:00:00.010000
 Starter Total Time: 00:00:00.180000
     Starter maxrss: 0
      Starter ixrss: 0
      Starter idrss: 0
      Starter isrss: 0
     Starter minflt: 554
     Starter majflt: 1
      Starter nswap: 0
    Starter inblock: 0
    Starter oublock: 0
     Starter msgsnd: 0
     Starter msgrcv: 0
   Starter nsignals: 0
      Starter nvcsw: 0
     Starter nivcsw: 0
     Step User Time: 00:00:22.550000
   Step System Time: 00:00:12.540000
    Step Total Time: 00:00:35.090000
        Step maxrss: 0
         Step ixrss: 0
         Step idrss: 0
         Step isrss: 0
        Step minflt: 3031
        Step majflt: 0
         Step nswap: 0
       Step inblock: 0
       Step oublock: 0
        Step msgsnd: 0
        Step msgrcv: 0
      Step nsignals: 0
         Step nvcsw: 0
        Step nivcsw: 0
     Cluster Option: none
--------------------------------------------------------------------------------
Node
----

   Name            : 
   Requirements    : 
   Preferences     : 
   Node minimum    : 1
   Node maximum    : 1
   Node actual     : 1
   Allocated Hosts : p6020.huygens.sara.nl:RUNNING:eth2(NOT SPECIFIED,IP,-1,Shared,0M),eth2(NOT SPECIFIED,IP,-1,Shared,0M),eth2(NOT SPECIFIED,IP,-1,Shared,0M),eth2(NOT SPECIFIED,IP,-1,Shared,0M),eth2(NOT SPECIFIED,IP,-1,Shared,0M),eth2(NOT SPECIFIED,IP,-1,Shared,0M),eth2(NOT SPECIFIED,IP,-1,Shared,0M),eth2(NOT SPECIFIED,IP,-1,Shared,0M),eth2(NOT SPECIFIED,IP,-1,Shared,0M),eth2(NOT SPECIFIED,IP,-1,Shared,0M),eth2(NOT SPECIFIED,IP,-1,Shared,0M),eth2(NOT SPECIFIED,IP,-1,Shared,0M),eth2(NOT SPECIFIED,IP,-1,Shared,0M),eth2(NOT SPECIFIED,IP,-1,Shared,0M),eth2(NOT SPECIFIED,IP,-1,Shared,0M),eth2(NOT SPECIFIED,IP,-1,Shared,0M),eth2(NOT SPECIFIED,IP,-1,Shared,0M),eth2(NOT SPECIFIED,IP,-1,Shared,0M),eth2(NOT SPECIFIED,IP,-1,Shared,0M),eth2(NOT SPECIFIED,IP,-1,Shared,0M),eth2(NOT SPECIFIED,IP,-1,Shared,0M),eth2(NOT SPECIFIED,IP,-1,Shared,0M),eth2(NOT SPECIFIED,IP,-1,Shared,0M),eth2(NOT SPECIFIED,IP,-1,Shared,0M),eth2(NOT SPECIFIED,IP,-1,Shared,0M),eth2(NOT SPECIFIED,IP,-1,Shared,0M),eth2(NOT SPECIFIED,IP,-1,Shared,0M),eth2(NOT SPECIFIED,IP,-1,Shared,0M),eth2(NOT SPECIFIED,IP,-1,Shared,0M),eth2(NOT SPECIFIED,IP,-1,Shared,0M),eth2(NOT SPECIFIED,IP,-1,Shared,0M),eth2(NOT SPECIFIED,IP,-1,Shared,0M),MCM0:CPU< 0-1 >,MCM1:CPU< 16-17 >,MCM2:CPU< 32-33 >,MCM3:CPU< 48-49 >,MCM0:CPU< 2-3 >,MCM1:CPU< 18-19 >,MCM2:CPU< 34-35 >,MCM3:CPU< 50-51 >,MCM0:CPU< 4-5 >,MCM1:CPU< 20-21 >,MCM2:CPU< 36-37 >,MCM3:CPU< 52-53 >,MCM0:CPU< 6-7 >,MCM1:CPU< 22-23 >,MCM2:CPU< 38-39 >,MCM3:CPU< 54-55 >,MCM0:CPU< 8-9 >,MCM1:CPU< 24-25 >,MCM2:CPU< 40-41 >,MCM3:CPU< 56-57 >,MCM0:CPU< 10-11 >,MCM1:CPU< 26-27 >,MCM2:CPU< 42-43 >,MCM3:CPU< 58-59 >,MCM0:CPU< 12-13 >,MCM1:CPU< 28-29 >,MCM2:CPU< 44-45 >,MCM3:CPU< 60-61 >,MCM0:CPU< 14-15 >,MCM1:CPU< 30-31 >,MCM2:CPU< 46-47 >,MCM3:CPU< 62-63 >

   Master Task
   -----------

      Executable   : /home/ndrost/gene-sequencing/jobscript-huygens-serial
      Exec Args    : 
      Num Task Inst: 1
      Task Instance: p6020:-1,

   Task
   ----

      Num Task Inst: 32
      Task Instance: p6020:0:eth2(NOT SPECIFIED,IP,-1,Shared,0M),MCM0:CPU< 0-1 >
      Task Instance: p6020:1:eth2(NOT SPECIFIED,IP,-1,Shared,0M),MCM1:CPU< 16-17 >
      Task Instance: p6020:2:eth2(NOT SPECIFIED,IP,-1,Shared,0M),MCM2:CPU< 32-33 >
      Task Instance: p6020:3:eth2(NOT SPECIFIED,IP,-1,Shared,0M),MCM3:CPU< 48-49 >
      Task Instance: p6020:4:eth2(NOT SPECIFIED,IP,-1,Shared,0M),MCM0:CPU< 2-3 >
      Task Instance: p6020:5:eth2(NOT SPECIFIED,IP,-1,Shared,0M),MCM1:CPU< 18-19 >
      Task Instance: p6020:6:eth2(NOT SPECIFIED,IP,-1,Shared,0M),MCM2:CPU< 34-35 >
      Task Instance: p6020:7:eth2(NOT SPECIFIED,IP,-1,Shared,0M),MCM3:CPU< 50-51 >
      Task Instance: p6020:8:eth2(NOT SPECIFIED,IP,-1,Shared,0M),MCM0:CPU< 4-5 >
      Task Instance: p6020:9:eth2(NOT SPECIFIED,IP,-1,Shared,0M),MCM1:CPU< 20-21 >
      Task Instance: p6020:10:eth2(NOT SPECIFIED,IP,-1,Shared,0M),MCM2:CPU< 36-37 >
      Task Instance: p6020:11:eth2(NOT SPECIFIED,IP,-1,Shared,0M),MCM3:CPU< 52-53 >
      Task Instance: p6020:12:eth2(NOT SPECIFIED,IP,-1,Shared,0M),MCM0:CPU< 6-7 >
      Task Instance: p6020:13:eth2(NOT SPECIFIED,IP,-1,Shared,0M),MCM1:CPU< 22-23 >
      Task Instance: p6020:14:eth2(NOT SPECIFIED,IP,-1,Shared,0M),MCM2:CPU< 38-39 >
      Task Instance: p6020:15:eth2(NOT SPECIFIED,IP,-1,Shared,0M),MCM3:CPU< 54-55 >
      Task Instance: p6020:16:eth2(NOT SPECIFIED,IP,-1,Shared,0M),MCM0:CPU< 8-9 >
      Task Instance: p6020:17:eth2(NOT SPECIFIED,IP,-1,Shared,0M),MCM1:CPU< 24-25 >
      Task Instance: p6020:18:eth2(NOT SPECIFIED,IP,-1,Shared,0M),MCM2:CPU< 40-41 >
      Task Instance: p6020:19:eth2(NOT SPECIFIED,IP,-1,Shared,0M),MCM3:CPU< 56-57 >
      Task Instance: p6020:20:eth2(NOT SPECIFIED,IP,-1,Shared,0M),MCM0:CPU< 10-11 >
      Task Instance: p6020:21:eth2(NOT SPECIFIED,IP,-1,Shared,0M),MCM1:CPU< 26-27 >
      Task Instance: p6020:22:eth2(NOT SPECIFIED,IP,-1,Shared,0M),MCM2:CPU< 42-43 >
      Task Instance: p6020:23:eth2(NOT SPECIFIED,IP,-1,Shared,0M),MCM3:CPU< 58-59 >
      Task Instance: p6020:24:eth2(NOT SPECIFIED,IP,-1,Shared,0M),MCM0:CPU< 12-13 >
      Task Instance: p6020:25:eth2(NOT SPECIFIED,IP,-1,Shared,0M),MCM1:CPU< 28-29 >
      Task Instance: p6020:26:eth2(NOT SPECIFIED,IP,-1,Shared,0M),MCM2:CPU< 44-45 >
      Task Instance: p6020:27:eth2(NOT SPECIFIED,IP,-1,Shared,0M),MCM3:CPU< 60-61 >
      Task Instance: p6020:28:eth2(NOT SPECIFIED,IP,-1,Shared,0M),MCM0:CPU< 14-15 >
      Task Instance: p6020:29:eth2(NOT SPECIFIED,IP,-1,Shared,0M),MCM1:CPU< 30-31 >
      Task Instance: p6020:30:eth2(NOT SPECIFIED,IP,-1,Shared,0M),MCM2:CPU< 46-47 >
      Task Instance: p6020:31:eth2(NOT SPECIFIED,IP,-1,Shared,0M),MCM3:CPU< 62-63 >
--------------------------------------------------------------------------------
Job Step Status on Allocated Hosts 
----------------------------------

    p6020.huygens.sara.nl:RUNNING

### End of summarized "llq" output ###
