query loaded: free = 3 max = 4000 total = 8
database loaded: free = 19 max = 4000 total = 56
15580 database Sequences, 2000 query sequences, threshold 5, implementation: dc
maximum database sequence length = 742, maximum query sequence length = 483
using divide and conquer implementation
done: free = 434 max = 4000 total = 488
application genesequencing_dc took 1470.488 sec

The result has been printed in 1.735 sec
-------------------------------SATIN STATISTICS--------------------------------
SATIN: SPAWN:       4,194,303 spawns, 4,194,303 executed, 2,097,152 syncs
SATIN: STEAL:       116,911 attempts, 3,069 successes (2.625 %)
SATIN: MESSAGES:    intra 237,145 msgs, 8,384,631,297 bytes; inter 0 msgs, 0 bytes
-------------------------------SATIN TOTAL TIMES-------------------------------
SATIN: STEAL_TIME:                 total 3466.178  s time/req     29.648 ms
SATIN: HANDLE_STEAL_TIME:          total 191.188  s time/handle   1.635 ms
SATIN: THROTTLE_STEAL_TIME:        total   0.000  s time/req      0.000  s
SATIN: INV SERIALIZATION_TIME:     total  59.273  s time/write   19.313 ms
SATIN: INV DESERIALIZATION_TIME:   total  97.598  s time/read    31.801 ms
SATIN: RET SERIALIZATION_TIME:     total 149.642  s time/write   48.759 ms
SATIN: RET DESERIALIZATION_TIME:   total 355.706  s time/read   115.903 ms
-------------------------------SATIN RUN TIME BREAKDOWN------------------------
SATIN: TOTAL_RUN_TIME:                              1474.044  s
SATIN: STEAL_THROTTLE_TIME:        agv. per machine   0.000  s ( 0.000 %)
SATIN: (DE)SERIALIZATION_TIME:     agv. per machine   5.174  s ( 0.351 %)
SATIN: LOAD_BALANCING_TIME:        agv. per machine  21.906  s ( 1.486 %)

SATIN: TOTAL_PARALLEL_OVERHEAD:    agv. per machine  27.080  s ( 1.837 %)
SATIN: USEFUL_APP_TIME:            agv. per machine 1446.964  s (98.163 %)

### Summarized output of "llq -l -x -j p6012.huygens.sara.nl.262935.2" invoked on p6043 ###
        Job Step Id: p6012.huygens.sara.nl.262935.2
           Job Name: genes
          Step Name: 2
  Structure Version: 10
              Owner: ndrost
         Queue Date: Wed Sep 29 16:48:11 2010
             Status: Running
          Recurring: False
      Dispatch Time: Wed Sep 29 16:49:01 2010
    Completion Date: Wed Sep 29 17:14:11 CEST 2010 (i.e. time of job epilog invocation)
        Favored Job: No
      Notifications: Never
 Virtual Image Size: 2 kb
         Large Page: N
         Coschedule: no
       SMT required: as_is
    MetaCluster Job: no
     Checkpointable: no
   Ckpt Elapse Time: 0 seconds
    Ckpt Accum Time: 0 seconds
  Restart From Ckpt: no
 Restart Same Nodes: no
            Restart: yes
        Preemptable: yes
 Preempt Wait Count: 0
     User Hold Time: 00:00:00 (0 seconds)
               RSet: RSET_MCM_AFFINITY
Mcm Affinity Option: MCM_DISTRIBUTE MCM_MEM_PREF MCM_SNI_NONE
      Task Affinity: core(1)
      Cpus Per Core:  0
   Parallel Threads:  0
                 In: /dev/null
                Out: genes.o262935.2
                Err: genes.o262935.2
Initial Working Dir: /gpfs/h08/ndrost/gene-sequencing
          Resources: ConsumableMemory(2.000 gb)
          Step Type: General Parallel
         Node Usage: not_shared
    Submitting Host: p6012.huygens.sara.nl
        Schedd Host: p6012.huygens.sara.nl
      Job Queue Key: 262935
        Notify User: ndrost@p6012.huygens.sara.nl
              Shell: /bin/bash
  LoadLeveler Group: No_Group
              Class: normal
    Ckpt Hard Limit: undefined
    Ckpt Soft Limit: undefined
     Cpu Hard Limit: unlimited
     Cpu Soft Limit: unlimited
    Data Hard Limit: undefined
    Data Soft Limit: undefined
      As Hard Limit: undefined
      As Soft Limit: undefined
   Nproc Hard Limit: undefined
   Nproc Soft Limit: undefined
 Memlock Hard Limit: undefined
 Memlock Soft Limit: undefined
   Locks Hard Limit: undefined
   Locks Soft Limit: undefined
  Nofile Hard Limit: undefined
  Nofile Soft Limit: undefined
    Core Hard Limit: unlimited
    Core Soft Limit: 0 bytes
    File Hard Limit: undefined
    File Soft Limit: undefined
   Stack Hard Limit: unlimited
   Stack Soft Limit: unlimited
     Rss Hard Limit: undefined
     Rss Soft Limit: undefined
Step Cpu Hard Limit: unlimited
Step Cpu Soft Limit: unlimited
Wall Clk Hard Limit: 02:00:00 (7200 seconds)
Wall Clk Soft Limit: 02:00:00 (7200 seconds)
         Unix Group: ndrost
 User Space Windows: 0
      Bulk Transfer: No
Step Adapter Memory: 0 bytes
          Step Cpus: 0
Step Virtual Memory: 0.000 mb
   Step Real Memory: 8.000 gb
Step Large Page Mem: 0.000 mb
       Running Host: p6043.huygens.sara.nl
      Machine Speed: 1.000000
  Starter User Time: 00:00:00.670000
Starter System Time: 00:00:00.020000
 Starter Total Time: 00:00:00.690000
     Starter maxrss: 0
      Starter ixrss: 0
      Starter idrss: 0
      Starter isrss: 0
     Starter minflt: 2008
     Starter majflt: 4
      Starter nswap: 0
    Starter inblock: 0
    Starter oublock: 0
     Starter msgsnd: 0
     Starter msgrcv: 0
   Starter nsignals: 0
      Starter nvcsw: 0
     Starter nivcsw: 0
     Step User Time: 00:00:24.880000
   Step System Time: 00:00:11.140000
    Step Total Time: 00:00:36.020000
        Step maxrss: 0
         Step ixrss: 0
         Step idrss: 0
         Step isrss: 0
        Step minflt: 4053
        Step majflt: 1
         Step nswap: 0
       Step inblock: 0
       Step oublock: 0
        Step msgsnd: 0
        Step msgrcv: 0
      Step nsignals: 0
         Step nvcsw: 0
        Step nivcsw: 0
     Cluster Option: none
--------------------------------------------------------------------------------
Node
----

   Name            : 
   Requirements    : 
   Preferences     : 
   Node minimum    : 4
   Node maximum    : 4
   Node actual     : 4
   Allocated Hosts : p6043.huygens.sara.nl:RUNNING:eth2(NOT SPECIFIED,IP,-1,Shared,0M),MCM0:CPU< 0-1 >
                   + p6048.huygens.sara.nl:READY:eth2(NOT SPECIFIED,IP,-1,Shared,0M),MCM0:CPU< 0-1 >
                   + p6101.huygens.sara.nl:READY:eth2(NOT SPECIFIED,IP,-1,Shared,0M),MCM0:CPU< 0-1 >
                   + p6002.huygens.sara.nl:READY:eth2(NOT SPECIFIED,IP,-1,Shared,0M),MCM0:CPU< 0-1 >

   Master Task
   -----------

      Executable   : /home/ndrost/gene-sequencing/jobscript-huygens
      Exec Args    : 
      Num Task Inst: 1
      Task Instance: p6043:-1,

   Task
   ----

      Num Task Inst: 4
      Task Instance: p6043:0:eth2(NOT SPECIFIED,IP,-1,Shared,0M),MCM0:CPU< 0-1 >
      Task Instance: p6048:1:eth2(NOT SPECIFIED,IP,-1,Shared,0M),MCM0:CPU< 0-1 >
      Task Instance: p6101:2:eth2(NOT SPECIFIED,IP,-1,Shared,0M),MCM0:CPU< 0-1 >
      Task Instance: p6002:3:eth2(NOT SPECIFIED,IP,-1,Shared,0M),MCM0:CPU< 0-1 >
--------------------------------------------------------------------------------
Job Step Status on Allocated Hosts 
----------------------------------

    p6043.huygens.sara.nl:RUNNING
    p6048.huygens.sara.nl:READY
    p6002.huygens.sara.nl:READY
    p6101.huygens.sara.nl:READY

### End of summarized "llq" output ###
