query loaded: free = 3 max = 4000 total = 8
database loaded: free = 20 max = 4000 total = 57
15580 database Sequences, 2000 query sequences, threshold 5, implementation: dc
maximum database sequence length = 742, maximum query sequence length = 483
using divide and conquer implementation
application genesequencing_dc took 1054.829 sec
done: free = 278 max = 4000 total = 358

The result has been printed in 1.854 sec
-------------------------------SATIN STATISTICS--------------------------------
SATIN: SPAWN:       4,194,303 spawns, 4,194,303 executed, 2,097,152 syncs
SATIN: STEAL:       712,120 attempts, 8,431 successes (1.184 %)
SATIN: MESSAGES:    intra 1,432,946 msgs, 16,563,648,303 bytes; inter 0 msgs, 0 bytes
-------------------------------SATIN TOTAL TIMES-------------------------------
SATIN: STEAL_TIME:                 total 78214.783  s time/req    109.834 ms
SATIN: HANDLE_STEAL_TIME:          total 719.306  s time/handle   1.010 ms
SATIN: THROTTLE_STEAL_TIME:        total   0.000  s time/req      0.000  s
SATIN: INV SERIALIZATION_TIME:     total 106.958  s time/write   12.686 ms
SATIN: INV DESERIALIZATION_TIME:   total 165.948  s time/read    19.683 ms
SATIN: RET SERIALIZATION_TIME:     total 278.160  s time/write   32.993 ms
SATIN: RET DESERIALIZATION_TIME:   total 754.876  s time/read    89.536 ms
-------------------------------SATIN RUN TIME BREAKDOWN------------------------
SATIN: TOTAL_RUN_TIME:                              1058.456  s
SATIN: STEAL_THROTTLE_TIME:        agv. per machine   0.000  s ( 0.000 %)
SATIN: (DE)SERIALIZATION_TIME:     agv. per machine   5.101  s ( 0.482 %)
SATIN: LOAD_BALANCING_TIME:        agv. per machine 300.425  s (28.383 %)

SATIN: TOTAL_PARALLEL_OVERHEAD:    agv. per machine 305.527  s (28.865 %)
SATIN: USEFUL_APP_TIME:            agv. per machine 752.930  s (71.135 %)

        Job Step Id: p6012.huygens.sara.nl.262935.3
           Job Name: genes
          Step Name: 3
  Structure Version: 10
              Owner: ndrost
         Queue Date: Wed Sep 29 16:48:11 2010
             Status: Running
          Recurring: False
      Dispatch Time: Wed Sep 29 16:54:09 2010
    Completion Date: Wed Sep 29 17:12:36 CEST 2010 (i.e. time of job epilog invocation)
        Favored Job: No
      Notifications: Never
 Virtual Image Size: 2 kb
         Large Page: N
         Coschedule: no
       SMT required: as_is
    MetaCluster Job: no
     Checkpointable: no
   Ckpt Elapse Time: 0 seconds
    Ckpt Accum Time: 0 seconds
  Restart From Ckpt: no
 Restart Same Nodes: no
            Restart: yes
        Preemptable: yes
 Preempt Wait Count: 0
     User Hold Time: 00:00:00 (0 seconds)
               RSet: RSET_MCM_AFFINITY
Mcm Affinity Option: MCM_DISTRIBUTE MCM_MEM_PREF MCM_SNI_NONE
      Task Affinity: core(1)
      Cpus Per Core:  0
   Parallel Threads:  0
                 In: /dev/null
                Out: genes.o262935.3
                Err: genes.o262935.3
Initial Working Dir: /gpfs/h08/ndrost/gene-sequencing
          Resources: ConsumableMemory(2.000 gb)
          Step Type: General Parallel
         Node Usage: not_shared
    Submitting Host: p6012.huygens.sara.nl
        Schedd Host: p6012.huygens.sara.nl
      Job Queue Key: 262935
        Notify User: ndrost@p6012.huygens.sara.nl
              Shell: /bin/bash
  LoadLeveler Group: No_Group
              Class: normal
    Ckpt Hard Limit: undefined
    Ckpt Soft Limit: undefined
     Cpu Hard Limit: unlimited
     Cpu Soft Limit: unlimited
    Data Hard Limit: undefined
    Data Soft Limit: undefined
      As Hard Limit: undefined
      As Soft Limit: undefined
   Nproc Hard Limit: undefined
   Nproc Soft Limit: undefined
 Memlock Hard Limit: undefined
 Memlock Soft Limit: undefined
   Locks Hard Limit: undefined
   Locks Soft Limit: undefined
  Nofile Hard Limit: undefined
  Nofile Soft Limit: undefined
    Core Hard Limit: unlimited
    Core Soft Limit: 0 bytes
    File Hard Limit: undefined
    File Soft Limit: undefined
   Stack Hard Limit: unlimited
   Stack Soft Limit: unlimited
     Rss Hard Limit: undefined
     Rss Soft Limit: undefined
Step Cpu Hard Limit: unlimited
Step Cpu Soft Limit: unlimited
Wall Clk Hard Limit: 02:00:00 (7200 seconds)
Wall Clk Soft Limit: 02:00:00 (7200 seconds)
         Unix Group: ndrost
 User Space Windows: 0
      Bulk Transfer: No
Step Adapter Memory: 0 bytes
          Step Cpus: 0
Step Virtual Memory: 0.000 mb
   Step Real Memory: 16.000 gb
Step Large Page Mem: 0.000 mb
       Running Host: p6009.huygens.sara.nl
      Machine Speed: 1.000000
  Starter User Time: 00:00:01.340000
Starter System Time: 00:00:00.060000
 Starter Total Time: 00:00:01.400000
     Starter maxrss: 0
      Starter ixrss: 0
      Starter idrss: 0
      Starter isrss: 0
     Starter minflt: 3937
     Starter majflt: 8
      Starter nswap: 0
    Starter inblock: 0
    Starter oublock: 0
     Starter msgsnd: 0
     Starter msgrcv: 0
   Starter nsignals: 0
      Starter nvcsw: 0
     Starter nivcsw: 0
     Step User Time: 00:00:37.440000
   Step System Time: 00:00:13.190000
    Step Total Time: 00:00:50.630000
        Step maxrss: 0
         Step ixrss: 0
         Step idrss: 0
         Step isrss: 0
        Step minflt: 7185
        Step majflt: 1
         Step nswap: 0
       Step inblock: 0
       Step oublock: 0
        Step msgsnd: 0
        Step msgrcv: 0
      Step nsignals: 0
         Step nvcsw: 0
        Step nivcsw: 0
     Cluster Option: none
--------------------------------------------------------------------------------
Node
----

   Name            : 
   Requirements    : 
   Preferences     : 
   Node minimum    : 8
   Node maximum    : 8
   Node actual     : 8
   Allocated Hosts : p6009.huygens.sara.nl:RUNNING:eth2(NOT SPECIFIED,IP,-1,Shared,0M),MCM0:CPU< 0-1 >
                   + p6013.huygens.sara.nl:READY:eth2(NOT SPECIFIED,IP,-1,Shared,0M),MCM0:CPU< 0-1 >
                   + p6050.huygens.sara.nl:READY:eth2(NOT SPECIFIED,IP,-1,Shared,0M),MCM0:CPU< 0-1 >
                   + p6061.huygens.sara.nl:READY:eth2(NOT SPECIFIED,IP,-1,Shared,0M),MCM0:CPU< 0-1 >
                   + p6062.huygens.sara.nl:READY:eth2(NOT SPECIFIED,IP,-1,Shared,0M),MCM0:CPU< 0-1 >
                   + p6074.huygens.sara.nl:READY:eth2(NOT SPECIFIED,IP,-1,Shared,0M),MCM0:CPU< 0-1 >
                   + p6085.huygens.sara.nl:READY:eth2(NOT SPECIFIED,IP,-1,Shared,0M),MCM0:CPU< 0-1 >
                   + p6098.huygens.sara.nl:READY:eth2(NOT SPECIFIED,IP,-1,Shared,0M),MCM0:CPU< 0-1 >

   Master Task
   -----------

      Executable   : /home/ndrost/gene-sequencing/jobscript-huygens
      Exec Args    : 
      Num Task Inst: 1
      Task Instance: p6009:-1,

   Task
   ----

      Num Task Inst: 8
      Task Instance: p6009:0:eth2(NOT SPECIFIED,IP,-1,Shared,0M),MCM0:CPU< 0-1 >
      Task Instance: p6013:1:eth2(NOT SPECIFIED,IP,-1,Shared,0M),MCM0:CPU< 0-1 >
      Task Instance: p6050:2:eth2(NOT SPECIFIED,IP,-1,Shared,0M),MCM0:CPU< 0-1 >
      Task Instance: p6061:3:eth2(NOT SPECIFIED,IP,-1,Shared,0M),MCM0:CPU< 0-1 >
      Task Instance: p6062:4:eth2(NOT SPECIFIED,IP,-1,Shared,0M),MCM0:CPU< 0-1 >
      Task Instance: p6074:5:eth2(NOT SPECIFIED,IP,-1,Shared,0M),MCM0:CPU< 0-1 >
      Task Instance: p6085:6:eth2(NOT SPECIFIED,IP,-1,Shared,0M),MCM0:CPU< 0-1 >
      Task Instance: p6098:7:eth2(NOT SPECIFIED,IP,-1,Shared,0M),MCM0:CPU< 0-1 >
--------------------------------------------------------------------------------
Job Step Status on Allocated Hosts 
----------------------------------

    p6009.huygens.sara.nl:RUNNING
    p6013.huygens.sara.nl:READY
    p6061.huygens.sara.nl:READY
    p6098.huygens.sara.nl:READY
    p6074.huygens.sara.nl:READY
    p6050.huygens.sara.nl:READY
    p6062.huygens.sara.nl:READY
    p6085.huygens.sara.nl:READY

### End of summarized "llq" output ###
