start of job in directory /home/ndrost/gene-sequencing
number of nodes is
the allocated nodes are:
gb-r33n4
./bin/ipl-server --events --hub-address-file 4457682.batch-ng.irc.sara.nl-server.address
00:32:50 WARN  [main] ibis.smartsockets.virtual.misc - ServiceLink not created: no hub address available!
5325 database Sequences, 2000 query sequences, threshold 5, implementation: dc
maximum database sequence length = 560, maximum query sequence length = 483
using divide and conquer implementation
application genesequencing_dc took 21350.724 sec

The result has been printed in 1.545 sec
-------------------------------SATIN STATISTICS--------------------------------
SATIN: SPAWN:       1,258,495 spawns, 1,258,495 executed, 629,248 syncs
-------------------------------SATIN RUN TIME BREAKDOWN------------------------
SATIN: TOTAL_RUN_TIME:                              21352.535  s

SATIN: TOTAL_PARALLEL_OVERHEAD:    agv. per machine   0.000  s ( 0.000 %)
SATIN: USEFUL_APP_TIME:            agv. per machine 21352.535  s (100.000 %)
cfengine:gb-r33n4:sara_stats: -------------------Begin of SARA epilogue----------------------------------
cfengine:gb-r33n4:sara_stats: This output was generated by the SARA epilogue script
cfengine:gb-r33n4:sara_stats: Your job [jobscript-lisa.serial] has been executed in queue [q_serial] with
cfengine:gb-r33n4:sara_stats: the following PBS arguments:
cfengine:gb-r33n4:sara_stats:    ncpus=1,neednodes=1:ppn=1,nodes=1:ppn=1,walltime=10:00:00
cfengine:gb-r33n4:sara_stats: Resources used in job [4457682.batch-ng.irc.sara.nl] with name [jobscript-lisa.serial]:
cfengine:gb-r33n4:sara_stats:    cput=06:04:58,mem=573152kb,vmem=9110524kb,walltime=05:56:01"
cfengine:gb-r33n4:sara_stats: Job start and end time:
cfengine:gb-r33n4:sara_stats:   Job start time: Fri Oct  1 00:32:42 CEST 2010
cfengine:gb-r33n4:sara_stats:   Job end time  : Fri Oct  1 06:28:45 CEST 2010
cfengine:gb-r33n4:sara_stats: ---------------------End of SARA epilogue----------------------------------
