start of job in directory /home/ndrost/gene-sequencing
number of nodes is
the allocated nodes are:
gb-r9n3
gb-r6n2
gb-r6n1
gb-r4n4
gb-r3n15
gb-r3n3
gb-r12n22
gb-r12n11
gb-r11n21
gb-r2n14
gb-r2n8
gb-r2n3
gb-r13n30
gb-r13n21
gb-r13n18
gb-r13n16
./bin/ipl-server --events --hub-address-file 4453558.batch-ng.irc.sara.nl-server.address
5325 database Sequences, 2000 query sequences, threshold 5, implementation: dc
maximum database sequence length = 560, maximum query sequence length = 483
using divide and conquer implementation
application genesequencing_dc took 171.822 sec

The result has been printed in 1.752 sec
-------------------------------SATIN STATISTICS--------------------------------
SATIN: SPAWN:       1,258,495 spawns, 1,258,495 executed, 629,248 syncs
SATIN: STEAL:       123,506 attempts, 2,514 successes (2.036 %)
SATIN: MESSAGES:    intra 249,779 msgs, 4,495,972,456 bytes; inter 0 msgs, 0 bytes
-------------------------------SATIN TOTAL TIMES-------------------------------
SATIN: STEAL_TIME:                 total 686.394  s time/req      5.558 ms
SATIN: HANDLE_STEAL_TIME:          total  45.450  s time/handle 368.002 us
SATIN: THROTTLE_STEAL_TIME:        total   0.000  s time/req      0.000  s
SATIN: INV SERIALIZATION_TIME:     total  23.979  s time/write    9.538 ms
SATIN: INV DESERIALIZATION_TIME:   total  25.860  s time/read    10.287 ms
SATIN: RET SERIALIZATION_TIME:     total  65.022  s time/write   25.864 ms
SATIN: RET DESERIALIZATION_TIME:   total  58.751  s time/read    23.370 ms
-------------------------------SATIN RUN TIME BREAKDOWN------------------------
SATIN: TOTAL_RUN_TIME:                              173.918  s
SATIN: STEAL_THROTTLE_TIME:        agv. per machine   0.000  s ( 0.000 %)
SATIN: (DE)SERIALIZATION_TIME:     agv. per machine   1.356  s ( 0.780 %)
SATIN: LOAD_BALANCING_TIME:        agv. per machine   4.006  s ( 2.303 %)

SATIN: TOTAL_PARALLEL_OVERHEAD:    agv. per machine   5.362  s ( 3.083 %)
SATIN: USEFUL_APP_TIME:            agv. per machine 168.555  s (96.917 %)
cfengine:gb-r9n3:sara_stats: -------------------Begin of SARA epilogue----------------------------------
cfengine:gb-r9n3:sara_stats: This output was generated by the SARA epilogue script
cfengine:gb-r9n3:sara_stats: Your job [jobscript-lisa] has been executed in queue [q_parallel] with
cfengine:gb-r9n3:sara_stats: the following PBS arguments:
cfengine:gb-r9n3:sara_stats:    neednodes=16,nodes=16,walltime=02:00:00
cfengine:gb-r9n3:sara_stats: Resources used in job [4453558.batch-ng.irc.sara.nl] with name [jobscript-lisa]:
cfengine:gb-r9n3:sara_stats:    cput=00:00:04,mem=251120kb,vmem=7346700kb,walltime=00:03:04"
cfengine:gb-r9n3:sara_stats: Job start and end time:
cfengine:gb-r9n3:sara_stats:   Job start time: Wed Sep 29 06:14:46 CEST 2010
cfengine:gb-r9n3:sara_stats:   Job end time  : Wed Sep 29 06:18:25 CEST 2010
cfengine:gb-r9n3:sara_stats: ---------------------End of SARA epilogue----------------------------------
